[1112/173109.882:ERROR:icu_util.cc(172)] Invalid file descriptor to ICU data received.
[1112/173323.389:FATAL:libcef_dll_wrapper.cc(244)] Check failed: base::AtomicRefCountIsZero(&CefBrowserCToCpp::DebugObjCt). 

[1112/174021.847:FATAL:libcef_dll_wrapper.cc(244)] Check failed: base::AtomicRefCountIsZero(&CefBrowserCToCpp::DebugObjCt). 

[1112/174329.915:FATAL:libcef_dll_wrapper.cc(244)] Check failed: base::AtomicRefCountIsZero(&CefBrowserCToCpp::DebugObjCt). 

[1112/174334.951:ERROR:cache_util_win.cc(19)] Unable to move the cache: 5
[1112/174334.951:ERROR:cache_util.cc(140)] Unable to move cache folder C:/Users/Hiitiger/AppData/Local/exampleapp\qcefcache\Cache to C:/Users/Hiitiger/AppData/Local/exampleapp\qcefcache\old_Cache_000
[1112/174334.951:ERROR:disk_cache.cc(168)] Unable to create cache
[1112/174358.360:FATAL:libcef_dll_wrapper.cc(244)] Check failed: base::AtomicRefCountIsZero(&CefBrowserCToCpp::DebugObjCt). 

[1112/174752.583:FATAL:libcef_dll_wrapper.cc(244)] Check failed: base::AtomicRefCountIsZero(&CefBrowserCToCpp::DebugObjCt). 

[1112/174845.815:FATAL:libcef_dll_wrapper.cc(244)] Check failed: base::AtomicRefCountIsZero(&CefBrowserCToCpp::DebugObjCt). 

[0302/134610.101:ERROR:icu_util.cc(172)] Invalid file descriptor to ICU data received.
[0302/134638.430:ERROR:icu_util.cc(172)] Invalid file descriptor to ICU data received.
[0302/134707.942:ERROR:icu_util.cc(172)] Invalid file descriptor to ICU data received.
[0302/134942.452:FATAL:dwrite_font_proxy_init_impl_win.cc(88)] Check failed: fallback_available == base::win::GetVersion() > base::win::VERSION_WIN8 (1 vs. 0)
[0302/134945.537:FATAL:dwrite_font_proxy_init_impl_win.cc(88)] Check failed: fallback_available == base::win::GetVersion() > base::win::VERSION_WIN8 (1 vs. 0)
[0302/134948.085:FATAL:dwrite_font_proxy_init_impl_win.cc(88)] Check failed: fallback_available == base::win::GetVersion() > base::win::VERSION_WIN8 (1 vs. 0)
[0302/134950.818:FATAL:dwrite_font_proxy_init_impl_win.cc(88)] Check failed: fallback_available == base::win::GetVersion() > base::win::VERSION_WIN8 (1 vs. 0)
[0302/134953.496:FATAL:dwrite_font_proxy_init_impl_win.cc(88)] Check failed: fallback_available == base::win::GetVersion() > base::win::VERSION_WIN8 (1 vs. 0)
[0302/134956.058:FATAL:dwrite_font_proxy_init_impl_win.cc(88)] Check failed: fallback_available == base::win::GetVersion() > base::win::VERSION_WIN8 (1 vs. 0)
[0302/134958.699:FATAL:dwrite_font_proxy_init_impl_win.cc(88)] Check failed: fallback_available == base::win::GetVersion() > base::win::VERSION_WIN8 (1 vs. 0)
[0302/135001.773:FATAL:dwrite_font_proxy_init_impl_win.cc(88)] Check failed: fallback_available == base::win::GetVersion() > base::win::VERSION_WIN8 (1 vs. 0)
[0302/135004.256:FATAL:dwrite_font_proxy_init_impl_win.cc(88)] Check failed: fallback_available == base::win::GetVersion() > base::win::VERSION_WIN8 (1 vs. 0)
[0302/135008.126:FATAL:dwrite_font_proxy_init_impl_win.cc(88)] Check failed: fallback_available == base::win::GetVersion() > base::win::VERSION_WIN8 (1 vs. 0)
[0302/135011.459:FATAL:dwrite_font_proxy_init_impl_win.cc(88)] Check failed: fallback_available == base::win::GetVersion() > base::win::VERSION_WIN8 (1 vs. 0)
[0302/135014.057:FATAL:dwrite_font_proxy_init_impl_win.cc(88)] Check failed: fallback_available == base::win::GetVersion() > base::win::VERSION_WIN8 (1 vs. 0)
[0302/135016.617:FATAL:dwrite_font_proxy_init_impl_win.cc(88)] Check failed: fallback_available == base::win::GetVersion() > base::win::VERSION_WIN8 (1 vs. 0)
[0302/135019.102:FATAL:dwrite_font_proxy_init_impl_win.cc(88)] Check failed: fallback_available == base::win::GetVersion() > base::win::VERSION_WIN8 (1 vs. 0)
[0302/135021.673:FATAL:dwrite_font_proxy_init_impl_win.cc(88)] Check failed: fallback_available == base::win::GetVersion() > base::win::VERSION_WIN8 (1 vs. 0)
[0302/135024.222:FATAL:dwrite_font_proxy_init_impl_win.cc(88)] Check failed: fallback_available == base::win::GetVersion() > base::win::VERSION_WIN8 (1 vs. 0)
[0302/135026.841:FATAL:dwrite_font_proxy_init_impl_win.cc(88)] Check failed: fallback_available == base::win::GetVersion() > base::win::VERSION_WIN8 (1 vs. 0)
[0302/135031.010:FATAL:dwrite_font_proxy_init_impl_win.cc(88)] Check failed: fallback_available == base::win::GetVersion() > base::win::VERSION_WIN8 (1 vs. 0)
[0302/135034.084:FATAL:dwrite_font_proxy_init_impl_win.cc(88)] Check failed: fallback_available == base::win::GetVersion() > base::win::VERSION_WIN8 (1 vs. 0)
[0302/135034.622:FATAL:dwrite_font_proxy_init_impl_win.cc(88)] Check failed: fallback_available == base::win::GetVersion() > base::win::VERSION_WIN8 (1 vs. 0)
[0302/135034.688:FATAL:dwrite_font_proxy_init_impl_win.cc(88)] Check failed: fallback_available == base::win::GetVersion() > base::win::VERSION_WIN8 (1 vs. 0)
[0302/135036.538:FATAL:dwrite_font_proxy_init_impl_win.cc(88)] Check failed: fallback_available == base::win::GetVersion() > base::win::VERSION_WIN8 (1 vs. 0)
[0302/135037.336:FATAL:dwrite_font_proxy_init_impl_win.cc(88)] Check failed: fallback_available == base::win::GetVersion() > base::win::VERSION_WIN8 (1 vs. 0)
[0302/135038.868:FATAL:dwrite_font_proxy_init_impl_win.cc(88)] Check failed: fallback_available == base::win::GetVersion() > base::win::VERSION_WIN8 (1 vs. 0)
[0302/135039.904:FATAL:dwrite_font_proxy_init_impl_win.cc(88)] Check failed: fallback_available == base::win::GetVersion() > base::win::VERSION_WIN8 (1 vs. 0)
[0302/135041.475:FATAL:dwrite_font_proxy_init_impl_win.cc(88)] Check failed: fallback_available == base::win::GetVersion() > base::win::VERSION_WIN8 (1 vs. 0)
[0302/135042.531:FATAL:dwrite_font_proxy_init_impl_win.cc(88)] Check failed: fallback_available == base::win::GetVersion() > base::win::VERSION_WIN8 (1 vs. 0)
[0302/135043.987:FATAL:dwrite_font_proxy_init_impl_win.cc(88)] Check failed: fallback_available == base::win::GetVersion() > base::win::VERSION_WIN8 (1 vs. 0)
[0302/135045.139:FATAL:dwrite_font_proxy_init_impl_win.cc(88)] Check failed: fallback_available == base::win::GetVersion() > base::win::VERSION_WIN8 (1 vs. 0)
[0302/135046.572:FATAL:dwrite_font_proxy_init_impl_win.cc(88)] Check failed: fallback_available == base::win::GetVersion() > base::win::VERSION_WIN8 (1 vs. 0)
[0302/135047.706:FATAL:dwrite_font_proxy_init_impl_win.cc(88)] Check failed: fallback_available == base::win::GetVersion() > base::win::VERSION_WIN8 (1 vs. 0)
[0302/135049.147:FATAL:dwrite_font_proxy_init_impl_win.cc(88)] Check failed: fallback_available == base::win::GetVersion() > base::win::VERSION_WIN8 (1 vs. 0)
[0302/135051.822:FATAL:dwrite_font_proxy_init_impl_win.cc(88)] Check failed: fallback_available == base::win::GetVersion() > base::win::VERSION_WIN8 (1 vs. 0)
[0302/135054.496:FATAL:dwrite_font_proxy_init_impl_win.cc(88)] Check failed: fallback_available == base::win::GetVersion() > base::win::VERSION_WIN8 (1 vs. 0)
[0302/135057.071:FATAL:dwrite_font_proxy_init_impl_win.cc(88)] Check failed: fallback_available == base::win::GetVersion() > base::win::VERSION_WIN8 (1 vs. 0)
[0302/135059.241:FATAL:dwrite_font_proxy_init_impl_win.cc(88)] Check failed: fallback_available == base::win::GetVersion() > base::win::VERSION_WIN8 (1 vs. 0)
[0302/135232.367:ERROR:gl_surface_egl.cc(946)] ANGLE Platform initialization failed.
[0302/135936.100:ERROR:gl_surface_egl.cc(946)] ANGLE Platform initialization failed.
[0302/135936.100:ERROR:gl_surface_egl.cc(946)] ANGLE Platform initialization failed.
[0302/135945.359:FATAL:dwrite_font_proxy_init_impl_win.cc(88)] Check failed: fallback_available == base::win::GetVersion() > base::win::VERSION_WIN8 (1 vs. 0)
[0302/135949.541:FATAL:dwrite_font_proxy_init_impl_win.cc(88)] Check failed: fallback_available == base::win::GetVersion() > base::win::VERSION_WIN8 (1 vs. 0)
[0302/135951.596:FATAL:dwrite_font_proxy_init_impl_win.cc(88)] Check failed: fallback_available == base::win::GetVersion() > base::win::VERSION_WIN8 (1 vs. 0)
[0302/135953.592:FATAL:dwrite_font_proxy_init_impl_win.cc(88)] Check failed: fallback_available == base::win::GetVersion() > base::win::VERSION_WIN8 (1 vs. 0)
[0302/135955.628:FATAL:dwrite_font_proxy_init_impl_win.cc(88)] Check failed: fallback_available == base::win::GetVersion() > base::win::VERSION_WIN8 (1 vs. 0)
[0302/135957.609:FATAL:dwrite_font_proxy_init_impl_win.cc(88)] Check failed: fallback_available == base::win::GetVersion() > base::win::VERSION_WIN8 (1 vs. 0)
[0302/135959.674:FATAL:dwrite_font_proxy_init_impl_win.cc(88)] Check failed: fallback_available == base::win::GetVersion() > base::win::VERSION_WIN8 (1 vs. 0)
[0302/140001.712:FATAL:dwrite_font_proxy_init_impl_win.cc(88)] Check failed: fallback_available == base::win::GetVersion() > base::win::VERSION_WIN8 (1 vs. 0)
[0302/140003.754:FATAL:dwrite_font_proxy_init_impl_win.cc(88)] Check failed: fallback_available == base::win::GetVersion() > base::win::VERSION_WIN8 (1 vs. 0)
[0302/140005.736:FATAL:dwrite_font_proxy_init_impl_win.cc(88)] Check failed: fallback_available == base::win::GetVersion() > base::win::VERSION_WIN8 (1 vs. 0)
[0302/140007.722:FATAL:dwrite_font_proxy_init_impl_win.cc(88)] Check failed: fallback_available == base::win::GetVersion() > base::win::VERSION_WIN8 (1 vs. 0)
[0302/140009.762:FATAL:dwrite_font_proxy_init_impl_win.cc(88)] Check failed: fallback_available == base::win::GetVersion() > base::win::VERSION_WIN8 (1 vs. 0)
[0302/140011.799:FATAL:dwrite_font_proxy_init_impl_win.cc(88)] Check failed: fallback_available == base::win::GetVersion() > base::win::VERSION_WIN8 (1 vs. 0)
[0302/140014.389:FATAL:dwrite_font_proxy_init_impl_win.cc(88)] Check failed: fallback_available == base::win::GetVersion() > base::win::VERSION_WIN8 (1 vs. 0)
[0302/140016.459:FATAL:dwrite_font_proxy_init_impl_win.cc(88)] Check failed: fallback_available == base::win::GetVersion() > base::win::VERSION_WIN8 (1 vs. 0)
[0302/140018.494:FATAL:dwrite_font_proxy_init_impl_win.cc(88)] Check failed: fallback_available == base::win::GetVersion() > base::win::VERSION_WIN8 (1 vs. 0)
[0302/140020.584:FATAL:dwrite_font_proxy_init_impl_win.cc(88)] Check failed: fallback_available == base::win::GetVersion() > base::win::VERSION_WIN8 (1 vs. 0)
[0302/140023.192:FATAL:dwrite_font_proxy_init_impl_win.cc(88)] Check failed: fallback_available == base::win::GetVersion() > base::win::VERSION_WIN8 (1 vs. 0)
[0302/140025.209:FATAL:dwrite_font_proxy_init_impl_win.cc(88)] Check failed: fallback_available == base::win::GetVersion() > base::win::VERSION_WIN8 (1 vs. 0)
[0302/140027.287:FATAL:dwrite_font_proxy_init_impl_win.cc(88)] Check failed: fallback_available == base::win::GetVersion() > base::win::VERSION_WIN8 (1 vs. 0)
[0302/140029.383:FATAL:dwrite_font_proxy_init_impl_win.cc(88)] Check failed: fallback_available == base::win::GetVersion() > base::win::VERSION_WIN8 (1 vs. 0)
[0302/140031.397:FATAL:dwrite_font_proxy_init_impl_win.cc(88)] Check failed: fallback_available == base::win::GetVersion() > base::win::VERSION_WIN8 (1 vs. 0)
[0302/140034.840:FATAL:dwrite_font_proxy_init_impl_win.cc(88)] Check failed: fallback_available == base::win::GetVersion() > base::win::VERSION_WIN8 (1 vs. 0)
[0302/140036.905:FATAL:dwrite_font_proxy_init_impl_win.cc(88)] Check failed: fallback_available == base::win::GetVersion() > base::win::VERSION_WIN8 (1 vs. 0)
[0302/140038.937:FATAL:dwrite_font_proxy_init_impl_win.cc(88)] Check failed: fallback_available == base::win::GetVersion() > base::win::VERSION_WIN8 (1 vs. 0)
[0302/140040.925:FATAL:dwrite_font_proxy_init_impl_win.cc(88)] Check failed: fallback_available == base::win::GetVersion() > base::win::VERSION_WIN8 (1 vs. 0)
[0302/140043.392:FATAL:dwrite_font_proxy_init_impl_win.cc(88)] Check failed: fallback_available == base::win::GetVersion() > base::win::VERSION_WIN8 (1 vs. 0)
[0302/140045.398:FATAL:dwrite_font_proxy_init_impl_win.cc(88)] Check failed: fallback_available == base::win::GetVersion() > base::win::VERSION_WIN8 (1 vs. 0)
[0302/140047.411:FATAL:dwrite_font_proxy_init_impl_win.cc(88)] Check failed: fallback_available == base::win::GetVersion() > base::win::VERSION_WIN8 (1 vs. 0)
[0302/140049.429:FATAL:dwrite_font_proxy_init_impl_win.cc(88)] Check failed: fallback_available == base::win::GetVersion() > base::win::VERSION_WIN8 (1 vs. 0)
[0302/140051.428:FATAL:dwrite_font_proxy_init_impl_win.cc(88)] Check failed: fallback_available == base::win::GetVersion() > base::win::VERSION_WIN8 (1 vs. 0)
[0302/140054.826:FATAL:dwrite_font_proxy_init_impl_win.cc(88)] Check failed: fallback_available == base::win::GetVersion() > base::win::VERSION_WIN8 (1 vs. 0)
[0302/140059.890:FATAL:dwrite_font_proxy_init_impl_win.cc(88)] Check failed: fallback_available == base::win::GetVersion() > base::win::VERSION_WIN8 (1 vs. 0)
[0302/140101.984:FATAL:dwrite_font_proxy_init_impl_win.cc(88)] Check failed: fallback_available == base::win::GetVersion() > base::win::VERSION_WIN8 (1 vs. 0)
[0302/140104.091:FATAL:dwrite_font_proxy_init_impl_win.cc(88)] Check failed: fallback_available == base::win::GetVersion() > base::win::VERSION_WIN8 (1 vs. 0)
[0302/140106.160:FATAL:dwrite_font_proxy_init_impl_win.cc(88)] Check failed: fallback_available == base::win::GetVersion() > base::win::VERSION_WIN8 (1 vs. 0)
[0302/140108.653:FATAL:dwrite_font_proxy_init_impl_win.cc(88)] Check failed: fallback_available == base::win::GetVersion() > base::win::VERSION_WIN8 (1 vs. 0)
[0302/140110.672:FATAL:dwrite_font_proxy_init_impl_win.cc(88)] Check failed: fallback_available == base::win::GetVersion() > base::win::VERSION_WIN8 (1 vs. 0)
[0302/140137.693:FATAL:dwrite_font_proxy_init_impl_win.cc(88)] Check failed: fallback_available == base::win::GetVersion() > base::win::VERSION_WIN8 (1 vs. 0)
[0302/140139.786:FATAL:dwrite_font_proxy_init_impl_win.cc(88)] Check failed: fallback_available == base::win::GetVersion() > base::win::VERSION_WIN8 (1 vs. 0)
[0302/140141.796:FATAL:dwrite_font_proxy_init_impl_win.cc(88)] Check failed: fallback_available == base::win::GetVersion() > base::win::VERSION_WIN8 (1 vs. 0)
[0302/140143.846:FATAL:dwrite_font_proxy_init_impl_win.cc(88)] Check failed: fallback_available == base::win::GetVersion() > base::win::VERSION_WIN8 (1 vs. 0)
[0302/140146.397:FATAL:dwrite_font_proxy_init_impl_win.cc(88)] Check failed: fallback_available == base::win::GetVersion() > base::win::VERSION_WIN8 (1 vs. 0)
[0302/140148.392:FATAL:dwrite_font_proxy_init_impl_win.cc(88)] Check failed: fallback_available == base::win::GetVersion() > base::win::VERSION_WIN8 (1 vs. 0)
[0302/140150.423:FATAL:dwrite_font_proxy_init_impl_win.cc(88)] Check failed: fallback_available == base::win::GetVersion() > base::win::VERSION_WIN8 (1 vs. 0)
[0302/140153.655:FATAL:dwrite_font_proxy_init_impl_win.cc(88)] Check failed: fallback_available == base::win::GetVersion() > base::win::VERSION_WIN8 (1 vs. 0)
[0302/140156.947:FATAL:dwrite_font_proxy_init_impl_win.cc(88)] Check failed: fallback_available == base::win::GetVersion() > base::win::VERSION_WIN8 (1 vs. 0)
[0302/140159.517:FATAL:dwrite_font_proxy_init_impl_win.cc(88)] Check failed: fallback_available == base::win::GetVersion() > base::win::VERSION_WIN8 (1 vs. 0)
[0302/140201.446:FATAL:dwrite_font_proxy_init_impl_win.cc(88)] Check failed: fallback_available == base::win::GetVersion() > base::win::VERSION_WIN8 (1 vs. 0)
[0302/140203.551:FATAL:dwrite_font_proxy_init_impl_win.cc(88)] Check failed: fallback_available == base::win::GetVersion() > base::win::VERSION_WIN8 (1 vs. 0)
[0302/140205.549:FATAL:dwrite_font_proxy_init_impl_win.cc(88)] Check failed: fallback_available == base::win::GetVersion() > base::win::VERSION_WIN8 (1 vs. 0)
[0302/140207.487:FATAL:dwrite_font_proxy_init_impl_win.cc(88)] Check failed: fallback_available == base::win::GetVersion() > base::win::VERSION_WIN8 (1 vs. 0)
[0302/140209.445:FATAL:dwrite_font_proxy_init_impl_win.cc(88)] Check failed: fallback_available == base::win::GetVersion() > base::win::VERSION_WIN8 (1 vs. 0)
[0302/140211.494:FATAL:dwrite_font_proxy_init_impl_win.cc(88)] Check failed: fallback_available == base::win::GetVersion() > base::win::VERSION_WIN8 (1 vs. 0)
[0302/140214.048:FATAL:dwrite_font_proxy_init_impl_win.cc(88)] Check failed: fallback_available == base::win::GetVersion() > base::win::VERSION_WIN8 (1 vs. 0)
[0302/140216.177:FATAL:dwrite_font_proxy_init_impl_win.cc(88)] Check failed: fallback_available == base::win::GetVersion() > base::win::VERSION_WIN8 (1 vs. 0)
[0302/140222.436:FATAL:dwrite_font_proxy_init_impl_win.cc(88)] Check failed: fallback_available == base::win::GetVersion() > base::win::VERSION_WIN8 (1 vs. 0)
[0302/140226.027:FATAL:dwrite_font_proxy_init_impl_win.cc(88)] Check failed: fallback_available == base::win::GetVersion() > base::win::VERSION_WIN8 (1 vs. 0)
[0302/140228.036:FATAL:dwrite_font_proxy_init_impl_win.cc(88)] Check failed: fallback_available == base::win::GetVersion() > base::win::VERSION_WIN8 (1 vs. 0)
[0302/140229.974:FATAL:dwrite_font_proxy_init_impl_win.cc(88)] Check failed: fallback_available == base::win::GetVersion() > base::win::VERSION_WIN8 (1 vs. 0)
[0302/140231.964:FATAL:dwrite_font_proxy_init_impl_win.cc(88)] Check failed: fallback_available == base::win::GetVersion() > base::win::VERSION_WIN8 (1 vs. 0)
[0302/140234.027:FATAL:dwrite_font_proxy_init_impl_win.cc(88)] Check failed: fallback_available == base::win::GetVersion() > base::win::VERSION_WIN8 (1 vs. 0)
[0302/140239.944:FATAL:dwrite_font_proxy_init_impl_win.cc(88)] Check failed: fallback_available == base::win::GetVersion() > base::win::VERSION_WIN8 (1 vs. 0)
[0302/140241.961:FATAL:dwrite_font_proxy_init_impl_win.cc(88)] Check failed: fallback_available == base::win::GetVersion() > base::win::VERSION_WIN8 (1 vs. 0)
[0302/140244.019:FATAL:dwrite_font_proxy_init_impl_win.cc(88)] Check failed: fallback_available == base::win::GetVersion() > base::win::VERSION_WIN8 (1 vs. 0)
[0302/140246.821:FATAL:dwrite_font_proxy_init_impl_win.cc(88)] Check failed: fallback_available == base::win::GetVersion() > base::win::VERSION_WIN8 (1 vs. 0)
[0302/140248.828:FATAL:dwrite_font_proxy_init_impl_win.cc(88)] Check failed: fallback_available == base::win::GetVersion() > base::win::VERSION_WIN8 (1 vs. 0)
[0302/140250.812:FATAL:dwrite_font_proxy_init_impl_win.cc(88)] Check failed: fallback_available == base::win::GetVersion() > base::win::VERSION_WIN8 (1 vs. 0)
[0302/140252.828:FATAL:dwrite_font_proxy_init_impl_win.cc(88)] Check failed: fallback_available == base::win::GetVersion() > base::win::VERSION_WIN8 (1 vs. 0)
[0302/140254.884:FATAL:dwrite_font_proxy_init_impl_win.cc(88)] Check failed: fallback_available == base::win::GetVersion() > base::win::VERSION_WIN8 (1 vs. 0)
[0302/140256.908:FATAL:dwrite_font_proxy_init_impl_win.cc(88)] Check failed: fallback_available == base::win::GetVersion() > base::win::VERSION_WIN8 (1 vs. 0)
[0302/140258.956:FATAL:dwrite_font_proxy_init_impl_win.cc(88)] Check failed: fallback_available == base::win::GetVersion() > base::win::VERSION_WIN8 (1 vs. 0)
[0302/140300.988:FATAL:dwrite_font_proxy_init_impl_win.cc(88)] Check failed: fallback_available == base::win::GetVersion() > base::win::VERSION_WIN8 (1 vs. 0)
[0302/140302.983:FATAL:dwrite_font_proxy_init_impl_win.cc(88)] Check failed: fallback_available == base::win::GetVersion() > base::win::VERSION_WIN8 (1 vs. 0)
[0302/140305.018:FATAL:dwrite_font_proxy_init_impl_win.cc(88)] Check failed: fallback_available == base::win::GetVersion() > base::win::VERSION_WIN8 (1 vs. 0)
[0302/140307.080:FATAL:dwrite_font_proxy_init_impl_win.cc(88)] Check failed: fallback_available == base::win::GetVersion() > base::win::VERSION_WIN8 (1 vs. 0)
[0302/140308.996:FATAL:dwrite_font_proxy_init_impl_win.cc(88)] Check failed: fallback_available == base::win::GetVersion() > base::win::VERSION_WIN8 (1 vs. 0)
[0302/140310.942:FATAL:dwrite_font_proxy_init_impl_win.cc(88)] Check failed: fallback_available == base::win::GetVersion() > base::win::VERSION_WIN8 (1 vs. 0)
[0302/140312.858:FATAL:dwrite_font_proxy_init_impl_win.cc(88)] Check failed: fallback_available == base::win::GetVersion() > base::win::VERSION_WIN8 (1 vs. 0)
[0302/140315.375:FATAL:dwrite_font_proxy_init_impl_win.cc(88)] Check failed: fallback_available == base::win::GetVersion() > base::win::VERSION_WIN8 (1 vs. 0)
[0302/140317.337:FATAL:dwrite_font_proxy_init_impl_win.cc(88)] Check failed: fallback_available == base::win::GetVersion() > base::win::VERSION_WIN8 (1 vs. 0)
[0302/140319.819:FATAL:dwrite_font_proxy_init_impl_win.cc(88)] Check failed: fallback_available == base::win::GetVersion() > base::win::VERSION_WIN8 (1 vs. 0)
[0302/140322.089:FATAL:dwrite_font_proxy_init_impl_win.cc(88)] Check failed: fallback_available == base::win::GetVersion() > base::win::VERSION_WIN8 (1 vs. 0)
[0302/140324.017:FATAL:dwrite_font_proxy_init_impl_win.cc(88)] Check failed: fallback_available == base::win::GetVersion() > base::win::VERSION_WIN8 (1 vs. 0)
[0302/140325.937:FATAL:dwrite_font_proxy_init_impl_win.cc(88)] Check failed: fallback_available == base::win::GetVersion() > base::win::VERSION_WIN8 (1 vs. 0)
[0302/140328.391:FATAL:dwrite_font_proxy_init_impl_win.cc(88)] Check failed: fallback_available == base::win::GetVersion() > base::win::VERSION_WIN8 (1 vs. 0)
[0302/140330.365:FATAL:dwrite_font_proxy_init_impl_win.cc(88)] Check failed: fallback_available == base::win::GetVersion() > base::win::VERSION_WIN8 (1 vs. 0)
[0302/140332.314:FATAL:dwrite_font_proxy_init_impl_win.cc(88)] Check failed: fallback_available == base::win::GetVersion() > base::win::VERSION_WIN8 (1 vs. 0)
[0302/140334.270:FATAL:dwrite_font_proxy_init_impl_win.cc(88)] Check failed: fallback_available == base::win::GetVersion() > base::win::VERSION_WIN8 (1 vs. 0)
[0302/140336.211:FATAL:dwrite_font_proxy_init_impl_win.cc(88)] Check failed: fallback_available == base::win::GetVersion() > base::win::VERSION_WIN8 (1 vs. 0)
[0302/140338.220:FATAL:dwrite_font_proxy_init_impl_win.cc(88)] Check failed: fallback_available == base::win::GetVersion() > base::win::VERSION_WIN8 (1 vs. 0)
[0302/140340.174:FATAL:dwrite_font_proxy_init_impl_win.cc(88)] Check failed: fallback_available == base::win::GetVersion() > base::win::VERSION_WIN8 (1 vs. 0)
[0302/140342.161:FATAL:dwrite_font_proxy_init_impl_win.cc(88)] Check failed: fallback_available == base::win::GetVersion() > base::win::VERSION_WIN8 (1 vs. 0)
[0302/140344.099:FATAL:dwrite_font_proxy_init_impl_win.cc(88)] Check failed: fallback_available == base::win::GetVersion() > base::win::VERSION_WIN8 (1 vs. 0)
[0302/140346.035:FATAL:dwrite_font_proxy_init_impl_win.cc(88)] Check failed: fallback_available == base::win::GetVersion() > base::win::VERSION_WIN8 (1 vs. 0)
[0302/140348.086:FATAL:dwrite_font_proxy_init_impl_win.cc(88)] Check failed: fallback_available == base::win::GetVersion() > base::win::VERSION_WIN8 (1 vs. 0)
[0302/140350.003:FATAL:dwrite_font_proxy_init_impl_win.cc(88)] Check failed: fallback_available == base::win::GetVersion() > base::win::VERSION_WIN8 (1 vs. 0)
[0302/140352.543:FATAL:dwrite_font_proxy_init_impl_win.cc(88)] Check failed: fallback_available == base::win::GetVersion() > base::win::VERSION_WIN8 (1 vs. 0)
[0302/140354.466:FATAL:dwrite_font_proxy_init_impl_win.cc(88)] Check failed: fallback_available == base::win::GetVersion() > base::win::VERSION_WIN8 (1 vs. 0)
[0302/140356.449:FATAL:dwrite_font_proxy_init_impl_win.cc(88)] Check failed: fallback_available == base::win::GetVersion() > base::win::VERSION_WIN8 (1 vs. 0)
[0302/140358.387:FATAL:dwrite_font_proxy_init_impl_win.cc(88)] Check failed: fallback_available == base::win::GetVersion() > base::win::VERSION_WIN8 (1 vs. 0)
[0302/140400.367:FATAL:dwrite_font_proxy_init_impl_win.cc(88)] Check failed: fallback_available == base::win::GetVersion() > base::win::VERSION_WIN8 (1 vs. 0)
[0302/140402.317:FATAL:dwrite_font_proxy_init_impl_win.cc(88)] Check failed: fallback_available == base::win::GetVersion() > base::win::VERSION_WIN8 (1 vs. 0)
[0302/140404.286:FATAL:dwrite_font_proxy_init_impl_win.cc(88)] Check failed: fallback_available == base::win::GetVersion() > base::win::VERSION_WIN8 (1 vs. 0)
[0302/140406.247:FATAL:dwrite_font_proxy_init_impl_win.cc(88)] Check failed: fallback_available == base::win::GetVersion() > base::win::VERSION_WIN8 (1 vs. 0)
[0302/140408.231:FATAL:dwrite_font_proxy_init_impl_win.cc(88)] Check failed: fallback_available == base::win::GetVersion() > base::win::VERSION_WIN8 (1 vs. 0)
[0302/140410.270:FATAL:dwrite_font_proxy_init_impl_win.cc(88)] Check failed: fallback_available == base::win::GetVersion() > base::win::VERSION_WIN8 (1 vs. 0)
[0302/140412.194:FATAL:dwrite_font_proxy_init_impl_win.cc(88)] Check failed: fallback_available == base::win::GetVersion() > base::win::VERSION_WIN8 (1 vs. 0)
[0302/140414.147:FATAL:dwrite_font_proxy_init_impl_win.cc(88)] Check failed: fallback_available == base::win::GetVersion() > base::win::VERSION_WIN8 (1 vs. 0)
[0302/140416.240:FATAL:dwrite_font_proxy_init_impl_win.cc(88)] Check failed: fallback_available == base::win::GetVersion() > base::win::VERSION_WIN8 (1 vs. 0)
[0302/140418.209:FATAL:dwrite_font_proxy_init_impl_win.cc(88)] Check failed: fallback_available == base::win::GetVersion() > base::win::VERSION_WIN8 (1 vs. 0)
[0302/140420.179:FATAL:dwrite_font_proxy_init_impl_win.cc(88)] Check failed: fallback_available == base::win::GetVersion() > base::win::VERSION_WIN8 (1 vs. 0)
[0302/140422.184:FATAL:dwrite_font_proxy_init_impl_win.cc(88)] Check failed: fallback_available == base::win::GetVersion() > base::win::VERSION_WIN8 (1 vs. 0)
[0302/140424.161:FATAL:dwrite_font_proxy_init_impl_win.cc(88)] Check failed: fallback_available == base::win::GetVersion() > base::win::VERSION_WIN8 (1 vs. 0)
[0302/140426.082:FATAL:dwrite_font_proxy_init_impl_win.cc(88)] Check failed: fallback_available == base::win::GetVersion() > base::win::VERSION_WIN8 (1 vs. 0)
[0302/140428.006:FATAL:dwrite_font_proxy_init_impl_win.cc(88)] Check failed: fallback_available == base::win::GetVersion() > base::win::VERSION_WIN8 (1 vs. 0)
[0302/140429.920:FATAL:dwrite_font_proxy_init_impl_win.cc(88)] Check failed: fallback_available == base::win::GetVersion() > base::win::VERSION_WIN8 (1 vs. 0)
[0302/140431.826:FATAL:dwrite_font_proxy_init_impl_win.cc(88)] Check failed: fallback_available == base::win::GetVersion() > base::win::VERSION_WIN8 (1 vs. 0)
[0302/140433.764:FATAL:dwrite_font_proxy_init_impl_win.cc(88)] Check failed: fallback_available == base::win::GetVersion() > base::win::VERSION_WIN8 (1 vs. 0)
[0302/140435.693:FATAL:dwrite_font_proxy_init_impl_win.cc(88)] Check failed: fallback_available == base::win::GetVersion() > base::win::VERSION_WIN8 (1 vs. 0)
[0302/140437.615:FATAL:dwrite_font_proxy_init_impl_win.cc(88)] Check failed: fallback_available == base::win::GetVersion() > base::win::VERSION_WIN8 (1 vs. 0)
[0302/140439.532:FATAL:dwrite_font_proxy_init_impl_win.cc(88)] Check failed: fallback_available == base::win::GetVersion() > base::win::VERSION_WIN8 (1 vs. 0)
[0302/140441.446:FATAL:dwrite_font_proxy_init_impl_win.cc(88)] Check failed: fallback_available == base::win::GetVersion() > base::win::VERSION_WIN8 (1 vs. 0)
[0302/140443.368:FATAL:dwrite_font_proxy_init_impl_win.cc(88)] Check failed: fallback_available == base::win::GetVersion() > base::win::VERSION_WIN8 (1 vs. 0)
[0302/140445.821:FATAL:dwrite_font_proxy_init_impl_win.cc(88)] Check failed: fallback_available == base::win::GetVersion() > base::win::VERSION_WIN8 (1 vs. 0)
[0302/140447.850:FATAL:dwrite_font_proxy_init_impl_win.cc(88)] Check failed: fallback_available == base::win::GetVersion() > base::win::VERSION_WIN8 (1 vs. 0)
[0302/140449.772:FATAL:dwrite_font_proxy_init_impl_win.cc(88)] Check failed: fallback_available == base::win::GetVersion() > base::win::VERSION_WIN8 (1 vs. 0)
[0302/140452.216:FATAL:dwrite_font_proxy_init_impl_win.cc(88)] Check failed: fallback_available == base::win::GetVersion() > base::win::VERSION_WIN8 (1 vs. 0)
[0302/140454.151:FATAL:dwrite_font_proxy_init_impl_win.cc(88)] Check failed: fallback_available == base::win::GetVersion() > base::win::VERSION_WIN8 (1 vs. 0)
[0302/140456.090:FATAL:dwrite_font_proxy_init_impl_win.cc(88)] Check failed: fallback_available == base::win::GetVersion() > base::win::VERSION_WIN8 (1 vs. 0)
[0302/140458.018:FATAL:dwrite_font_proxy_init_impl_win.cc(88)] Check failed: fallback_available == base::win::GetVersion() > base::win::VERSION_WIN8 (1 vs. 0)
[0302/140459.960:FATAL:dwrite_font_proxy_init_impl_win.cc(88)] Check failed: fallback_available == base::win::GetVersion() > base::win::VERSION_WIN8 (1 vs. 0)
[0302/140504.900:FATAL:dwrite_font_proxy_init_impl_win.cc(88)] Check failed: fallback_available == base::win::GetVersion() > base::win::VERSION_WIN8 (1 vs. 0)
[0302/140506.906:FATAL:dwrite_font_proxy_init_impl_win.cc(88)] Check failed: fallback_available == base::win::GetVersion() > base::win::VERSION_WIN8 (1 vs. 0)
[0302/140508.986:FATAL:dwrite_font_proxy_init_impl_win.cc(88)] Check failed: fallback_available == base::win::GetVersion() > base::win::VERSION_WIN8 (1 vs. 0)
[0302/140510.936:FATAL:dwrite_font_proxy_init_impl_win.cc(88)] Check failed: fallback_available == base::win::GetVersion() > base::win::VERSION_WIN8 (1 vs. 0)
[0302/140513.366:FATAL:dwrite_font_proxy_init_impl_win.cc(88)] Check failed: fallback_available == base::win::GetVersion() > base::win::VERSION_WIN8 (1 vs. 0)
[0302/140515.305:FATAL:dwrite_font_proxy_init_impl_win.cc(88)] Check failed: fallback_available == base::win::GetVersion() > base::win::VERSION_WIN8 (1 vs. 0)
[0302/140517.294:FATAL:dwrite_font_proxy_init_impl_win.cc(88)] Check failed: fallback_available == base::win::GetVersion() > base::win::VERSION_WIN8 (1 vs. 0)
[0302/140519.302:FATAL:dwrite_font_proxy_init_impl_win.cc(88)] Check failed: fallback_available == base::win::GetVersion() > base::win::VERSION_WIN8 (1 vs. 0)
[0302/140522.333:FATAL:dwrite_font_proxy_init_impl_win.cc(88)] Check failed: fallback_available == base::win::GetVersion() > base::win::VERSION_WIN8 (1 vs. 0)
[0302/140524.446:FATAL:dwrite_font_proxy_init_impl_win.cc(88)] Check failed: fallback_available == base::win::GetVersion() > base::win::VERSION_WIN8 (1 vs. 0)
[0302/140526.378:FATAL:dwrite_font_proxy_init_impl_win.cc(88)] Check failed: fallback_available == base::win::GetVersion() > base::win::VERSION_WIN8 (1 vs. 0)
[0302/140528.319:FATAL:dwrite_font_proxy_init_impl_win.cc(88)] Check failed: fallback_available == base::win::GetVersion() > base::win::VERSION_WIN8 (1 vs. 0)
[0302/140530.288:FATAL:dwrite_font_proxy_init_impl_win.cc(88)] Check failed: fallback_available == base::win::GetVersion() > base::win::VERSION_WIN8 (1 vs. 0)
[0302/140532.168:FATAL:dwrite_font_proxy_init_impl_win.cc(88)] Check failed: fallback_available == base::win::GetVersion() > base::win::VERSION_WIN8 (1 vs. 0)
[0302/140532.245:FATAL:dwrite_font_proxy_init_impl_win.cc(88)] Check failed: fallback_available == base::win::GetVersion() > base::win::VERSION_WIN8 (1 vs. 0)
[0302/140532.276:FATAL:dwrite_font_proxy_init_impl_win.cc(88)] Check failed: fallback_available == base::win::GetVersion() > base::win::VERSION_WIN8 (1 vs. 0)
[0302/140534.433:FATAL:dwrite_font_proxy_init_impl_win.cc(88)] Check failed: fallback_available == base::win::GetVersion() > base::win::VERSION_WIN8 (1 vs. 0)
[0302/140534.460:FATAL:dwrite_font_proxy_init_impl_win.cc(88)] Check failed: fallback_available == base::win::GetVersion() > base::win::VERSION_WIN8 (1 vs. 0)
[0302/140536.415:FATAL:dwrite_font_proxy_init_impl_win.cc(88)] Check failed: fallback_available == base::win::GetVersion() > base::win::VERSION_WIN8 (1 vs. 0)
[0302/140537.023:FATAL:dwrite_font_proxy_init_impl_win.cc(88)] Check failed: fallback_available == base::win::GetVersion() > base::win::VERSION_WIN8 (1 vs. 0)
[0302/140538.864:FATAL:dwrite_font_proxy_init_impl_win.cc(88)] Check failed: fallback_available == base::win::GetVersion() > base::win::VERSION_WIN8 (1 vs. 0)
[0302/140539.070:FATAL:dwrite_font_proxy_init_impl_win.cc(88)] Check failed: fallback_available == base::win::GetVersion() > base::win::VERSION_WIN8 (1 vs. 0)
[0302/140540.906:FATAL:dwrite_font_proxy_init_impl_win.cc(88)] Check failed: fallback_available == base::win::GetVersion() > base::win::VERSION_WIN8 (1 vs. 0)
[0302/140541.101:FATAL:dwrite_font_proxy_init_impl_win.cc(88)] Check failed: fallback_available == base::win::GetVersion() > base::win::VERSION_WIN8 (1 vs. 0)
[0302/140542.881:FATAL:dwrite_font_proxy_init_impl_win.cc(88)] Check failed: fallback_available == base::win::GetVersion() > base::win::VERSION_WIN8 (1 vs. 0)
[0302/140543.089:FATAL:dwrite_font_proxy_init_impl_win.cc(88)] Check failed: fallback_available == base::win::GetVersion() > base::win::VERSION_WIN8 (1 vs. 0)
[0302/140544.979:FATAL:dwrite_font_proxy_init_impl_win.cc(88)] Check failed: fallback_available == base::win::GetVersion() > base::win::VERSION_WIN8 (1 vs. 0)
[0302/140545.127:FATAL:dwrite_font_proxy_init_impl_win.cc(88)] Check failed: fallback_available == base::win::GetVersion() > base::win::VERSION_WIN8 (1 vs. 0)
[0302/140546.978:FATAL:dwrite_font_proxy_init_impl_win.cc(88)] Check failed: fallback_available == base::win::GetVersion() > base::win::VERSION_WIN8 (1 vs. 0)
[0302/140547.163:FATAL:dwrite_font_proxy_init_impl_win.cc(88)] Check failed: fallback_available == base::win::GetVersion() > base::win::VERSION_WIN8 (1 vs. 0)
[0302/140549.611:FATAL:dwrite_font_proxy_init_impl_win.cc(88)] Check failed: fallback_available == base::win::GetVersion() > base::win::VERSION_WIN8 (1 vs. 0)
[0302/140549.882:FATAL:dwrite_font_proxy_init_impl_win.cc(88)] Check failed: fallback_available == base::win::GetVersion() > base::win::VERSION_WIN8 (1 vs. 0)
[0302/140551.585:FATAL:dwrite_font_proxy_init_impl_win.cc(88)] Check failed: fallback_available == base::win::GetVersion() > base::win::VERSION_WIN8 (1 vs. 0)
[0302/140551.881:FATAL:dwrite_font_proxy_init_impl_win.cc(88)] Check failed: fallback_available == base::win::GetVersion() > base::win::VERSION_WIN8 (1 vs. 0)
[0302/140553.550:FATAL:dwrite_font_proxy_init_impl_win.cc(88)] Check failed: fallback_available == base::win::GetVersion() > base::win::VERSION_WIN8 (1 vs. 0)
[0302/140556.567:FATAL:dwrite_font_proxy_init_impl_win.cc(88)] Check failed: fallback_available == base::win::GetVersion() > base::win::VERSION_WIN8 (1 vs. 0)
[0302/140556.889:FATAL:dwrite_font_proxy_init_impl_win.cc(88)] Check failed: fallback_available == base::win::GetVersion() > base::win::VERSION_WIN8 (1 vs. 0)
[0302/140558.534:FATAL:dwrite_font_proxy_init_impl_win.cc(88)] Check failed: fallback_available == base::win::GetVersion() > base::win::VERSION_WIN8 (1 vs. 0)
[0302/140558.945:FATAL:dwrite_font_proxy_init_impl_win.cc(88)] Check failed: fallback_available == base::win::GetVersion() > base::win::VERSION_WIN8 (1 vs. 0)
[0302/141631.675:FATAL:dwrite_font_proxy_init_impl_win.cc(88)] Check failed: fallback_available == base::win::GetVersion() > base::win::VERSION_WIN8 (1 vs. 0)
[0302/141632.424:ERROR:gl_surface_egl.cc(946)] ANGLE Platform initialization failed.
[0302/141632.961:ERROR:gl_surface_egl.cc(946)] ANGLE Platform initialization failed.
[0302/143134.310:FATAL:dwrite_font_proxy_init_impl_win.cc(88)] Check failed: fallback_available == base::win::GetVersion() > base::win::VERSION_WIN8 (1 vs. 0)
[0302/143138.162:FATAL:dwrite_font_proxy_init_impl_win.cc(88)] Check failed: fallback_available == base::win::GetVersion() > base::win::VERSION_WIN8 (1 vs. 0)
[0302/191212.640:ERROR:CONSOLE(24)] "Empty response arrived for script 'chrome-devtools://devtools/product_registry_impl/product_registry_impl_module.js'", source: chrome-devtools://devtools/shell.js (24)
[0302/191212.652:ERROR:CONSOLE(108)] "Uncaught (in promise) Error: Could not instantiate: ProductRegistryImpl.Registry", source: chrome-devtools://devtools/shell.js (108)
[0302/191212.653:ERROR:CONSOLE(108)] "Uncaught (in promise) Error: Could not instantiate: ProductRegistryImpl.Registry", source: chrome-devtools://devtools/shell.js (108)
[0302/191212.654:ERROR:CONSOLE(108)] "Uncaught (in promise) Error: Could not instantiate: ProductRegistryImpl.Registry", source: chrome-devtools://devtools/shell.js (108)
[0302/191212.654:ERROR:CONSOLE(108)] "Uncaught (in promise) Error: Could not instantiate: ProductRegistryImpl.Registry", source: chrome-devtools://devtools/shell.js (108)
[0302/191212.654:ERROR:CONSOLE(108)] "Uncaught (in promise) Error: Could not instantiate: ProductRegistryImpl.Registry", source: chrome-devtools://devtools/shell.js (108)
[0302/191212.654:ERROR:CONSOLE(108)] "Uncaught (in promise) Error: Could not instantiate: ProductRegistryImpl.Registry", source: chrome-devtools://devtools/shell.js (108)
[0302/191212.654:ERROR:CONSOLE(108)] "Uncaught (in promise) Error: Could not instantiate: ProductRegistryImpl.Registry", source: chrome-devtools://devtools/shell.js (108)
[0302/191212.655:ERROR:CONSOLE(108)] "Uncaught (in promise) Error: Could not instantiate: ProductRegistryImpl.Registry", source: chrome-devtools://devtools/shell.js (108)
[0302/191212.655:ERROR:CONSOLE(108)] "Uncaught (in promise) Error: Could not instantiate: ProductRegistryImpl.Registry", source: chrome-devtools://devtools/shell.js (108)
[0302/191212.655:ERROR:CONSOLE(108)] "Uncaught (in promise) Error: Could not instantiate: ProductRegistryImpl.Registry", source: chrome-devtools://devtools/shell.js (108)
[0302/191212.655:ERROR:CONSOLE(108)] "Uncaught (in promise) Error: Could not instantiate: ProductRegistryImpl.Registry", source: chrome-devtools://devtools/shell.js (108)
[0302/191212.656:ERROR:CONSOLE(108)] "Uncaught (in promise) Error: Could not instantiate: ProductRegistryImpl.Registry", source: chrome-devtools://devtools/shell.js (108)
[0302/191212.656:ERROR:CONSOLE(108)] "Uncaught (in promise) Error: Could not instantiate: ProductRegistryImpl.Registry", source: chrome-devtools://devtools/shell.js (108)
[0302/191212.656:ERROR:CONSOLE(108)] "Uncaught (in promise) Error: Could not instantiate: ProductRegistryImpl.Registry", source: chrome-devtools://devtools/shell.js (108)
[0302/191212.657:ERROR:CONSOLE(108)] "Uncaught (in promise) Error: Could not instantiate: ProductRegistryImpl.Registry", source: chrome-devtools://devtools/shell.js (108)
[0302/191212.657:ERROR:CONSOLE(108)] "Uncaught (in promise) Error: Could not instantiate: ProductRegistryImpl.Registry", source: chrome-devtools://devtools/shell.js (108)
[0302/191212.657:ERROR:CONSOLE(108)] "Uncaught (in promise) Error: Could not instantiate: ProductRegistryImpl.Registry", source: chrome-devtools://devtools/shell.js (108)
[0302/191212.657:ERROR:CONSOLE(108)] "Uncaught (in promise) Error: Could not instantiate: ProductRegistryImpl.Registry", source: chrome-devtools://devtools/shell.js (108)
